Command line invocation:
    /Applications/Xcode.app/Contents/Developer/usr/bin/xcodebuild -scheme Unmissable -destination platform=macOS test "-only-testing:UnmissableTests/testLargeNumberOfEvents" "-only-testing:UnmissableTests/testBatchEventSavePerformance" "-only-testing:UnmissableTests/testEndToEndPerformance" -resultBundlePath /Users/michaelhaufschild/Documents/code/unmissable/test-reports/performance-tests.xcresult

Resolve Package Graph


Resolved source packages:
  swift-argument-parser: https://github.com/apple/swift-argument-parser.git @ 1.6.1
  AppAuth: https://github.com/openid/AppAuth-iOS.git @ 1.7.6
  GRDB: https://github.com/groue/GRDB.swift.git @ 6.29.3
  SwiftLint: https://github.com/realm/SwiftLint.git @ 0.59.1
  swift-syntax: https://github.com/swiftlang/swift-syntax @ 601.0.0
  SwiftFormat: https://github.com/nicklockwood/SwiftFormat.git @ 0.57.2
  Unmissable: /Users/michaelhaufschild/Documents/code/unmissable
  swift-custom-dump: https://github.com/pointfreeco/swift-custom-dump @ 1.3.3
  KeychainAccess: https://github.com/kishikawakatsumi/KeychainAccess.git @ 4.2.2
  SWXMLHash: https://github.com/drmohundro/SWXMLHash.git @ 7.0.2
  SourceKitten: https://github.com/jpsim/SourceKitten.git @ 0.37.1
  swift-snapshot-testing: https://github.com/pointfreeco/swift-snapshot-testing.git @ 1.18.6
  xctest-dynamic-overlay: https://github.com/pointfreeco/xctest-dynamic-overlay @ 1.6.1
  CryptoSwift: https://github.com/krzyzanowskim/CryptoSwift.git @ 1.9.0
  Magnet: https://github.com/Clipy/Magnet.git @ 3.4.0
  Yams: https://github.com/jpsim/Yams.git @ 5.4.0
  Sauce: https://github.com/Clipy/Sauce @ 2.4.1
  SwiftyTextTable: https://github.com/scottrhoyt/SwiftyTextTable.git @ 0.9.0
  CollectionConcurrencyKit: https://github.com/JohnSundell/CollectionConcurrencyKit.git @ 0.2.0

Writing result bundle at path:
	/Users/michaelhaufschild/Documents/code/unmissable/test-reports/performance-tests.xcresult

ComputePackagePrebuildTargetDependencyGraph

Prepare packages

CreateBuildRequest

SendProjectDescription

CreateBuildOperation

ComputeTargetDependencyGraph
note: Building targets in dependency order
note: Target dependency graph (20 targets)
    Target 'UnmissableTests' in project 'Unmissable'
        ➜ Explicit dependency on target 'Unmissable' in project 'Unmissable'
        ➜ Explicit dependency on target 'Unmissable' in project 'Unmissable'
        ➜ Explicit dependency on target 'AppAuth' in project 'AppAuth'
        ➜ Explicit dependency on target 'GRDB' in project 'GRDB'
        ➜ Explicit dependency on target 'KeychainAccess' in project 'KeychainAccess'
        ➜ Explicit dependency on target 'Magnet' in project 'Magnet'
        ➜ Explicit dependency on target 'SnapshotTesting' in project 'swift-snapshot-testing'
    Target 'SnapshotTesting' in project 'swift-snapshot-testing'
        ➜ Explicit dependency on target 'SnapshotTesting' in project 'swift-snapshot-testing'
    Target 'SnapshotTesting' in project 'swift-snapshot-testing' (no dependencies)
    Target 'Unmissable' in project 'Unmissable'
        ➜ Explicit dependency on target 'AppAuth' in project 'AppAuth'
        ➜ Explicit dependency on target 'GRDB' in project 'GRDB'
        ➜ Explicit dependency on target 'KeychainAccess' in project 'KeychainAccess'
        ➜ Explicit dependency on target 'Magnet' in project 'Magnet'
    Target 'Unmissable' in project 'Unmissable'
        ➜ Explicit dependency on target 'AppAuth' in project 'AppAuth'
        ➜ Explicit dependency on target 'GRDB' in project 'GRDB'
        ➜ Explicit dependency on target 'KeychainAccess' in project 'KeychainAccess'
        ➜ Explicit dependency on target 'Magnet' in project 'Magnet'
    Target 'Magnet' in project 'Magnet'
        ➜ Explicit dependency on target 'Magnet' in project 'Magnet'
        ➜ Explicit dependency on target 'Sauce' in project 'Sauce'
    Target 'Magnet' in project 'Magnet'
        ➜ Explicit dependency on target 'Sauce' in project 'Sauce'
    Target 'Sauce' in project 'Sauce'
        ➜ Explicit dependency on target 'Sauce' in project 'Sauce'
    Target 'Sauce' in project 'Sauce' (no dependencies)
    Target 'KeychainAccess' in project 'KeychainAccess'
        ➜ Explicit dependency on target 'KeychainAccess' in project 'KeychainAccess'
    Target 'KeychainAccess' in project 'KeychainAccess' (no dependencies)
    Target 'GRDB' in project 'GRDB'
        ➜ Explicit dependency on target 'GRDB' in project 'GRDB'
        ➜ Explicit dependency on target 'GRDB_GRDB' in project 'GRDB'
    Target 'GRDB' in project 'GRDB'
        ➜ Explicit dependency on target 'GRDB_GRDB' in project 'GRDB'
        ➜ Explicit dependency on target 'CSQLite' in project 'GRDB'
    Target 'CSQLite' in project 'GRDB' (no dependencies)
    Target 'GRDB_GRDB' in project 'GRDB' (no dependencies)
    Target 'AppAuth' in project 'AppAuth'
        ➜ Explicit dependency on target 'AppAuth' in project 'AppAuth'
        ➜ Explicit dependency on target 'AppAuth_AppAuth' in project 'AppAuth'
        ➜ Explicit dependency on target 'AppAuthCore' in project 'AppAuth'
    Target 'AppAuth' in project 'AppAuth'
        ➜ Explicit dependency on target 'AppAuth_AppAuth' in project 'AppAuth'
        ➜ Explicit dependency on target 'AppAuthCore' in project 'AppAuth'
    Target 'AppAuthCore' in project 'AppAuth'
        ➜ Explicit dependency on target 'AppAuth_AppAuthCore' in project 'AppAuth'
    Target 'AppAuth_AppAuthCore' in project 'AppAuth' (no dependencies)
    Target 'AppAuth_AppAuth' in project 'AppAuth' (no dependencies)

GatherProvisioningInputs

CreateBuildDescription

ClangStatCache /Applications/Xcode.app/Contents/Developer/Toolchains/XcodeDefault.xctoolchain/usr/bin/clang-stat-cache /Applications/Xcode.app/Contents/Developer/Platforms/MacOSX.platform/Developer/SDKs/MacOSX15.5.sdk /Users/michaelhaufschild/Library/Developer/Xcode/DerivedData/SDKStatCaches.noindex/macosx15.5-24F74-8254517eb8b97d462ccbc072ba9094c9.sdkstatcache
    cd /Users/michaelhaufschild/Documents/code/unmissable/.swiftpm/xcode
    /Applications/Xcode.app/Contents/Developer/Toolchains/XcodeDefault.xctoolchain/usr/bin/clang-stat-cache /Applications/Xcode.app/Contents/Developer/Platforms/MacOSX.platform/Developer/SDKs/MacOSX15.5.sdk -o /Users/michaelhaufschild/Library/Developer/Xcode/DerivedData/SDKStatCaches.noindex/macosx15.5-24F74-8254517eb8b97d462ccbc072ba9094c9.sdkstatcache

SwiftDriver Unmissable--AB9D509EDD1E7E3-testable normal arm64 com.apple.xcode.tools.swift.compiler (in target 'Unmissable' from project 'Unmissable')
    cd /Users/michaelhaufschild/Documents/code/unmissable/.swiftpm/xcode
    builtin-SwiftDriver -- /Applications/Xcode.app/Contents/Developer/Toolchains/XcodeDefault.xctoolchain/usr/bin/swiftc -module-name Unmissable -Onone -enforce-exclusivity\=checked @/Users/michaelhaufschild/Library/Developer/Xcode/DerivedData/unmissable-glylttgyqggsegaxpvsujwrnnghs/Build/Intermediates.noindex/Unmissable.build/Debug/Unmissable--AB9D509EDD1E7E3-testable.build/Objects-normal/arm64/Unmissable--AB9D509EDD1E7E3-testable.SwiftFileList -DSWIFT_PACKAGE -DDEBUG -Xcc -fmodule-map-file\=/Users/michaelhaufschild/Library/Developer/Xcode/DerivedData/unmissable-glylttgyqggsegaxpvsujwrnnghs/Build/Intermediates.noindex/GeneratedModuleMaps/AppAuthCore.modulemap -Xcc -fmodule-map-file\=/Users/michaelhaufschild/Library/Developer/Xcode/DerivedData/unmissable-glylttgyqggsegaxpvsujwrnnghs/Build/Intermediates.noindex/GeneratedModuleMaps/AppAuth.modulemap -Xcc -fmodule-map-file\=/Users/michaelhaufschild/Library/Developer/Xcode/DerivedData/unmissable-glylttgyqggsegaxpvsujwrnnghs/SourcePackages/checkouts/GRDB.swift/Sources/CSQLite/module.modulemap -DXcode -Xfrontend -entry-point-function-name -Xfrontend Unmissable_main -plugin-path /Applications/Xcode.app/Contents/Developer/Toolchains/XcodeDefault.xctoolchain/usr/lib/swift/host/plugins/testing -enable-experimental-feature DebugDescriptionMacro -sdk /Applications/Xcode.app/Contents/Developer/Platforms/MacOSX.platform/Developer/SDKs/MacOSX15.5.sdk -target arm64-apple-macos14.0 -g -module-cache-path /Users/michaelhaufschild/Library/Developer/Xcode/DerivedData/ModuleCache.noindex -Xfrontend -serialize-debugging-options -profile-coverage-mapping -profile-generate -enable-testing -index-store-path /Users/michaelhaufschild/Library/Developer/Xcode/DerivedData/unmissable-glylttgyqggsegaxpvsujwrnnghs/Index.noindex/DataStore -swift-version 5 -I /Users/michaelhaufschild/Library/Developer/Xcode/DerivedData/unmissable-glylttgyqggsegaxpvsujwrnnghs/Build/Products/Debug -I /Applications/Xcode.app/Contents/Developer/Platforms/MacOSX.platform/Developer/usr/lib -F /Users/michaelhaufschild/Library/Developer/Xcode/DerivedData/unmissable-glylttgyqggsegaxpvsujwrnnghs/Build/Products/Debug/PackageFrameworks -F /Users/michaelhaufschild/Library/Developer/Xcode/DerivedData/unmissable-glylttgyqggsegaxpvsujwrnnghs/Build/Products/Debug/PackageFrameworks -F /Users/michaelhaufschild/Library/Developer/Xcode/DerivedData/unmissable-glylttgyqggsegaxpvsujwrnnghs/Build/Products/Debug/PackageFrameworks -F /Users/michaelhaufschild/Library/Developer/Xcode/DerivedData/unmissable-glylttgyqggsegaxpvsujwrnnghs/Build/Products/Debug/PackageFrameworks -F /Users/michaelhaufschild/Library/Developer/Xcode/DerivedData/unmissable-glylttgyqggsegaxpvsujwrnnghs/Build/Products/Debug/PackageFrameworks -F /Users/michaelhaufschild/Library/Developer/Xcode/DerivedData/unmissable-glylttgyqggsegaxpvsujwrnnghs/Build/Products/Debug/PackageFrameworks -F /Users/michaelhaufschild/Library/Developer/Xcode/DerivedData/unmissable-glylttgyqggsegaxpvsujwrnnghs/Build/Products/Debug -F /Applications/Xcode.app/Contents/Developer/Platforms/MacOSX.platform/Developer/Library/Frameworks -c -j14 -enable-batch-mode -incremental -Xcc -ivfsstatcache -Xcc /Users/michaelhaufschild/Library/Developer/Xcode/DerivedData/SDKStatCaches.noindex/macosx15.5-24F74-8254517eb8b97d462ccbc072ba9094c9.sdkstatcache -output-file-map /Users/michaelhaufschild/Library/Developer/Xcode/DerivedData/unmissable-glylttgyqggsegaxpvsujwrnnghs/Build/Intermediates.noindex/Unmissable.build/Debug/Unmissable--AB9D509EDD1E7E3-testable.build/Objects-normal/arm64/Unmissable--AB9D509EDD1E7E3-testable-OutputFileMap.json -use-frontend-parseable-output -save-temps -no-color-diagnostics -serialize-diagnostics -emit-dependencies -emit-module -emit-module-path /Users/michaelhaufschild/Library/Developer/Xcode/DerivedData/unmissable-glylttgyqggsegaxpvsujwrnnghs/Build/Intermediates.noindex/Unmissable.build/Debug/Unmissable--AB9D509EDD1E7E3-testable.build/Objects-normal/arm64/Unmissable.swiftmodule -validate-clang-modules-once -clang-build-session-file /Users/michaelhaufschild/Library/Developer/Xcode/DerivedData/ModuleCache.noindex/Session.modulevalidation -package-name unmissable -Xcc -I/Users/michaelhaufschild/Library/Developer/Xcode/DerivedData/unmissable-glylttgyqggsegaxpvsujwrnnghs/Build/Intermediates.noindex/Unmissable.build/Debug/Unmissable--AB9D509EDD1E7E3-testable.build/swift-overrides.hmap -emit-const-values -Xfrontend -const-gather-protocols-file -Xfrontend /Users/michaelhaufschild/Library/Developer/Xcode/DerivedData/unmissable-glylttgyqggsegaxpvsujwrnnghs/Build/Intermediates.noindex/Unmissable.build/Debug/Unmissable--AB9D509EDD1E7E3-testable.build/Objects-normal/arm64/Unmissable--AB9D509EDD1E7E3-testable_const_extract_protocols.json -Xcc -I/Users/michaelhaufschild/Library/Developer/Xcode/DerivedData/unmissable-glylttgyqggsegaxpvsujwrnnghs/SourcePackages/checkouts/AppAuth-iOS/Sources/AppAuthCore -Xcc -I/Users/michaelhaufschild/Library/Developer/Xcode/DerivedData/unmissable-glylttgyqggsegaxpvsujwrnnghs/SourcePackages/checkouts/AppAuth-iOS/Sources/AppAuth -Xcc -I/Users/michaelhaufschild/Library/Developer/Xcode/DerivedData/unmissable-glylttgyqggsegaxpvsujwrnnghs/Build/Products/Debug/include -Xcc -I/Users/michaelhaufschild/Library/Developer/Xcode/DerivedData/unmissable-glylttgyqggsegaxpvsujwrnnghs/Build/Intermediates.noindex/Unmissable.build/Debug/Unmissable--AB9D509EDD1E7E3-testable.build/DerivedSources-normal/arm64 -Xcc -I/Users/michaelhaufschild/Library/Developer/Xcode/DerivedData/unmissable-glylttgyqggsegaxpvsujwrnnghs/Build/Intermediates.noindex/Unmissable.build/Debug/Unmissable--AB9D509EDD1E7E3-testable.build/DerivedSources/arm64 -Xcc -I/Users/michaelhaufschild/Library/Developer/Xcode/DerivedData/unmissable-glylttgyqggsegaxpvsujwrnnghs/Build/Intermediates.noindex/Unmissable.build/Debug/Unmissable--AB9D509EDD1E7E3-testable.build/DerivedSources -Xcc -DSWIFT_PACKAGE -Xcc -DDEBUG\=1 -emit-objc-header -emit-objc-header-path /Users/michaelhaufschild/Library/Developer/Xcode/DerivedData/unmissable-glylttgyqggsegaxpvsujwrnnghs/Build/Intermediates.noindex/Unmissable.build/Debug/Unmissable--AB9D509EDD1E7E3-testable.build/Objects-normal/arm64/Unmissable-Swift.h -working-directory /Users/michaelhaufschild/Documents/code/unmissable/.swiftpm/xcode -experimental-emit-module-separately -disable-cmo

SwiftDriver UnmissableTests normal arm64 com.apple.xcode.tools.swift.compiler (in target 'UnmissableTests' from project 'Unmissable')
    cd /Users/michaelhaufschild/Documents/code/unmissable/.swiftpm/xcode
    builtin-SwiftDriver -- /Applications/Xcode.app/Contents/Developer/Toolchains/XcodeDefault.xctoolchain/usr/bin/swiftc -module-name UnmissableTests -Onone -enforce-exclusivity\=checked @/Users/michaelhaufschild/Library/Developer/Xcode/DerivedData/unmissable-glylttgyqggsegaxpvsujwrnnghs/Build/Intermediates.noindex/Unmissable.build/Debug/UnmissableTests.build/Objects-normal/arm64/UnmissableTests.SwiftFileList -DSWIFT_PACKAGE -DDEBUG -Xcc -fmodule-map-file\=/Users/michaelhaufschild/Library/Developer/Xcode/DerivedData/unmissable-glylttgyqggsegaxpvsujwrnnghs/Build/Intermediates.noindex/GeneratedModuleMaps/AppAuthCore.modulemap -Xcc -fmodule-map-file\=/Users/michaelhaufschild/Library/Developer/Xcode/DerivedData/unmissable-glylttgyqggsegaxpvsujwrnnghs/Build/Intermediates.noindex/GeneratedModuleMaps/AppAuth.modulemap -Xcc -fmodule-map-file\=/Users/michaelhaufschild/Library/Developer/Xcode/DerivedData/unmissable-glylttgyqggsegaxpvsujwrnnghs/SourcePackages/checkouts/GRDB.swift/Sources/CSQLite/module.modulemap -DXcode -plugin-path /Applications/Xcode.app/Contents/Developer/Toolchains/XcodeDefault.xctoolchain/usr/lib/swift/host/plugins/testing -enable-experimental-feature DebugDescriptionMacro -sdk /Applications/Xcode.app/Contents/Developer/Platforms/MacOSX.platform/Developer/SDKs/MacOSX15.5.sdk -target arm64-apple-macos14.0 -g -module-cache-path /Users/michaelhaufschild/Library/Developer/Xcode/DerivedData/ModuleCache.noindex -Xfrontend -serialize-debugging-options -profile-coverage-mapping -profile-generate -enable-testing -index-store-path /Users/michaelhaufschild/Library/Developer/Xcode/DerivedData/unmissable-glylttgyqggsegaxpvsujwrnnghs/Index.noindex/DataStore -swift-version 5 -I /Users/michaelhaufschild/Library/Developer/Xcode/DerivedData/unmissable-glylttgyqggsegaxpvsujwrnnghs/Build/Products/Debug -I /Applications/Xcode.app/Contents/Developer/Platforms/MacOSX.platform/Developer/usr/lib -F /Users/michaelhaufschild/Library/Developer/Xcode/DerivedData/unmissable-glylttgyqggsegaxpvsujwrnnghs/Build/Products/Debug/PackageFrameworks -F /Users/michaelhaufschild/Library/Developer/Xcode/DerivedData/unmissable-glylttgyqggsegaxpvsujwrnnghs/Build/Products/Debug/PackageFrameworks -F /Users/michaelhaufschild/Library/Developer/Xcode/DerivedData/unmissable-glylttgyqggsegaxpvsujwrnnghs/Build/Products/Debug/PackageFrameworks -F /Users/michaelhaufschild/Library/Developer/Xcode/DerivedData/unmissable-glylttgyqggsegaxpvsujwrnnghs/Build/Products/Debug/PackageFrameworks -F /Users/michaelhaufschild/Library/Developer/Xcode/DerivedData/unmissable-glylttgyqggsegaxpvsujwrnnghs/Build/Products/Debug/PackageFrameworks -F /Users/michaelhaufschild/Library/Developer/Xcode/DerivedData/unmissable-glylttgyqggsegaxpvsujwrnnghs/Build/Products/Debug/PackageFrameworks -F /Users/michaelhaufschild/Library/Developer/Xcode/DerivedData/unmissable-glylttgyqggsegaxpvsujwrnnghs/Build/Products/Debug/PackageFrameworks -F /Users/michaelhaufschild/Library/Developer/Xcode/DerivedData/unmissable-glylttgyqggsegaxpvsujwrnnghs/Build/Products/Debug/PackageFrameworks -F /Users/michaelhaufschild/Library/Developer/Xcode/DerivedData/unmissable-glylttgyqggsegaxpvsujwrnnghs/Build/Products/Debug -F /Applications/Xcode.app/Contents/Developer/Platforms/MacOSX.platform/Developer/Library/Frameworks -c -j14 -enable-batch-mode -incremental -Xcc -ivfsstatcache -Xcc /Users/michaelhaufschild/Library/Developer/Xcode/DerivedData/SDKStatCaches.noindex/macosx15.5-24F74-8254517eb8b97d462ccbc072ba9094c9.sdkstatcache -output-file-map /Users/michaelhaufschild/Library/Developer/Xcode/DerivedData/unmissable-glylttgyqggsegaxpvsujwrnnghs/Build/Intermediates.noindex/Unmissable.build/Debug/UnmissableTests.build/Objects-normal/arm64/UnmissableTests-OutputFileMap.json -use-frontend-parseable-output -save-temps -no-color-diagnostics -serialize-diagnostics -emit-dependencies -emit-module -emit-module-path /Users/michaelhaufschild/Library/Developer/Xcode/DerivedData/unmissable-glylttgyqggsegaxpvsujwrnnghs/Build/Intermediates.noindex/Unmissable.build/Debug/UnmissableTests.build/Objects-normal/arm64/UnmissableTests.swiftmodule -validate-clang-modules-once -clang-build-session-file /Users/michaelhaufschild/Library/Developer/Xcode/DerivedData/ModuleCache.noindex/Session.modulevalidation -package-name unmissable -emit-const-values -Xfrontend -const-gather-protocols-file -Xfrontend /Users/michaelhaufschild/Library/Developer/Xcode/DerivedData/unmissable-glylttgyqggsegaxpvsujwrnnghs/Build/Intermediates.noindex/Unmissable.build/Debug/UnmissableTests.build/Objects-normal/arm64/UnmissableTests_const_extract_protocols.json -Xcc -I/Users/michaelhaufschild/Library/Developer/Xcode/DerivedData/unmissable-glylttgyqggsegaxpvsujwrnnghs/SourcePackages/checkouts/AppAuth-iOS/Sources/AppAuthCore -Xcc -I/Users/michaelhaufschild/Library/Developer/Xcode/DerivedData/unmissable-glylttgyqggsegaxpvsujwrnnghs/SourcePackages/checkouts/AppAuth-iOS/Sources/AppAuth -Xcc -I/Users/michaelhaufschild/Library/Developer/Xcode/DerivedData/unmissable-glylttgyqggsegaxpvsujwrnnghs/Build/Products/Debug/include -Xcc -I/Users/michaelhaufschild/Library/Developer/Xcode/DerivedData/unmissable-glylttgyqggsegaxpvsujwrnnghs/Build/Intermediates.noindex/Unmissable.build/Debug/UnmissableTests.build/DerivedSources-normal/arm64 -Xcc -I/Users/michaelhaufschild/Library/Developer/Xcode/DerivedData/unmissable-glylttgyqggsegaxpvsujwrnnghs/Build/Intermediates.noindex/Unmissable.build/Debug/UnmissableTests.build/DerivedSources/arm64 -Xcc -I/Users/michaelhaufschild/Library/Developer/Xcode/DerivedData/unmissable-glylttgyqggsegaxpvsujwrnnghs/Build/Intermediates.noindex/Unmissable.build/Debug/UnmissableTests.build/DerivedSources -Xcc -DSWIFT_PACKAGE -Xcc -DDEBUG\=1 -working-directory /Users/michaelhaufschild/Documents/code/unmissable/.swiftpm/xcode -experimental-emit-module-separately -disable-cmo

SwiftCompile normal arm64 Compiling\ EventTests.swift /Users/michaelhaufschild/Documents/code/unmissable/Tests/UnmissableTests/EventTests.swift (in target 'UnmissableTests' from project 'Unmissable')

SwiftCompile normal arm64 /Users/michaelhaufschild/Documents/code/unmissable/Tests/UnmissableTests/EventTests.swift (in target 'UnmissableTests' from project 'Unmissable')
    cd /Users/michaelhaufschild/Documents/code/unmissable/.swiftpm/xcode
    

SwiftCompile normal arm64 Compiling\ LinkParserTests.swift /Users/michaelhaufschild/Documents/code/unmissable/Tests/UnmissableTests/LinkParserTests.swift (in target 'UnmissableTests' from project 'Unmissable')

SwiftCompile normal arm64 /Users/michaelhaufschild/Documents/code/unmissable/Tests/UnmissableTests/LinkParserTests.swift (in target 'UnmissableTests' from project 'Unmissable')
    cd /Users/michaelhaufschild/Documents/code/unmissable/.swiftpm/xcode
    

SwiftCompile normal arm64 Compiling\ OverlayContentViewTests.swift /Users/michaelhaufschild/Documents/code/unmissable/Tests/UnmissableTests/OverlayContentViewTests.swift (in target 'UnmissableTests' from project 'Unmissable')

SwiftCompile normal arm64 /Users/michaelhaufschild/Documents/code/unmissable/Tests/UnmissableTests/OverlayContentViewTests.swift (in target 'UnmissableTests' from project 'Unmissable')
    cd /Users/michaelhaufschild/Documents/code/unmissable/.swiftpm/xcode
    

SwiftCompile normal arm64 Compiling\ DatabaseManagerComprehensiveTests.swift /Users/michaelhaufschild/Documents/code/unmissable/Tests/UnmissableTests/DatabaseManagerComprehensiveTests.swift (in target 'UnmissableTests' from project 'Unmissable')
SwiftCompile normal arm64 /Users/michaelhaufschild/Documents/code/unmissable/Tests/UnmissableTests/DatabaseManagerComprehensiveTests.swift (in target 'UnmissableTests' from project 'Unmissable')
    cd /Users/michaelhaufschild/Documents/code/unmissable/.swiftpm/xcode
    

SwiftCompile normal arm64 Compiling\ OverlayManagerIntegrationTests.swift /Users/michaelhaufschild/Documents/code/unmissable/Tests/UnmissableTests/OverlayManagerIntegrationTests.swift (in target 'UnmissableTests' from project 'Unmissable')

SwiftCompile normal arm64 /Users/michaelhaufschild/Documents/code/unmissable/Tests/UnmissableTests/OverlayManagerIntegrationTests.swift (in target 'UnmissableTests' from project 'Unmissable')
    cd /Users/michaelhaufschild/Documents/code/unmissable/.swiftpm/xcode
    

SwiftCompile normal arm64 Compiling\ OverlayManagerComprehensiveTests.swift /Users/michaelhaufschild/Documents/code/unmissable/Tests/UnmissableTests/OverlayManagerComprehensiveTests.swift (in target 'UnmissableTests' from project 'Unmissable')

SwiftCompile normal arm64 /Users/michaelhaufschild/Documents/code/unmissable/Tests/UnmissableTests/OverlayManagerComprehensiveTests.swift (in target 'UnmissableTests' from project 'Unmissable')
    cd /Users/michaelhaufschild/Documents/code/unmissable/.swiftpm/xcode
    
/Users/michaelhaufschild/Documents/code/unmissable/Tests/UnmissableTests/OverlayManagerComprehensiveTests.swift:11:24: error: 'MockFocusModeManager' is ambiguous for type lookup in this context
    var mockFocusMode: MockFocusModeManager!
                       ^~~~~~~~~~~~~~~~~~~~
/Users/michaelhaufschild/Documents/code/unmissable/Tests/UnmissableTests/OverlayManagerComprehensiveTests.swift:337:7: note: found this candidate
class MockFocusModeManager: FocusModeManager {
      ^
/Users/michaelhaufschild/Documents/code/unmissable/Tests/UnmissableTests/SystemIntegrationTests.swift:375:7: note: found this candidate
class MockFocusModeManager: FocusModeManager {
      ^
/Users/michaelhaufschild/Documents/code/unmissable/Tests/UnmissableTests/OverlayManagerComprehensiveTests.swift:337:7: error: invalid redeclaration of 'MockFocusModeManager'
class MockFocusModeManager: FocusModeManager {
      ^
/Users/michaelhaufschild/Documents/code/unmissable/Tests/UnmissableTests/SystemIntegrationTests.swift:375:7: note: 'MockFocusModeManager' previously declared here
class MockFocusModeManager: FocusModeManager {
      ^
/Users/michaelhaufschild/Documents/code/unmissable/Tests/UnmissableTests/SystemIntegrationTests.swift:375:7: note: 'MockFocusModeManager' previously declared here
class MockFocusModeManager: FocusModeManager {
      ^

SwiftCompile normal arm64 Compiling\ ProviderTests.swift /Users/michaelhaufschild/Documents/code/unmissable/Tests/UnmissableTests/ProviderTests.swift (in target 'UnmissableTests' from project 'Unmissable')

SwiftCompile normal arm64 /Users/michaelhaufschild/Documents/code/unmissable/Tests/UnmissableTests/ProviderTests.swift (in target 'UnmissableTests' from project 'Unmissable')
    cd /Users/michaelhaufschild/Documents/code/unmissable/.swiftpm/xcode
    

SwiftCompile normal arm64 Compiling\ OverlaySnapshotTests.swift /Users/michaelhaufschild/Documents/code/unmissable/Tests/UnmissableTests/OverlaySnapshotTests.swift (in target 'UnmissableTests' from project 'Unmissable')

SwiftCompile normal arm64 /Users/michaelhaufschild/Documents/code/unmissable/Tests/UnmissableTests/OverlaySnapshotTests.swift (in target 'UnmissableTests' from project 'Unmissable')
    cd /Users/michaelhaufschild/Documents/code/unmissable/.swiftpm/xcode
    

SwiftCompile normal arm64 Compiling\ SystemIntegrationTests.swift /Users/michaelhaufschild/Documents/code/unmissable/Tests/UnmissableTests/SystemIntegrationTests.swift (in target 'UnmissableTests' from project 'Unmissable')

SwiftCompile normal arm64 /Users/michaelhaufschild/Documents/code/unmissable/Tests/UnmissableTests/SystemIntegrationTests.swift (in target 'UnmissableTests' from project 'Unmissable')
    cd /Users/michaelhaufschild/Documents/code/unmissable/.swiftpm/xcode
    

SwiftCompile normal arm64 Compiling\ TestUtilities.swift /Users/michaelhaufschild/Documents/code/unmissable/Tests/UnmissableTests/TestUtilities.swift (in target 'UnmissableTests' from project 'Unmissable')

SwiftCompile normal arm64 /Users/michaelhaufschild/Documents/code/unmissable/Tests/UnmissableTests/TestUtilities.swift (in target 'UnmissableTests' from project 'Unmissable')
    cd /Users/michaelhaufschild/Documents/code/unmissable/.swiftpm/xcode
    

SwiftCompile normal arm64 Compiling\ PreferencesManagerTests.swift /Users/michaelhaufschild/Documents/code/unmissable/Tests/UnmissableTests/PreferencesManagerTests.swift (in target 'UnmissableTests' from project 'Unmissable')

SwiftCompile normal arm64 /Users/michaelhaufschild/Documents/code/unmissable/Tests/UnmissableTests/PreferencesManagerTests.swift (in target 'UnmissableTests' from project 'Unmissable')
    cd /Users/michaelhaufschild/Documents/code/unmissable/.swiftpm/xcode
    
/Users/michaelhaufschild/Documents/code/unmissable/Tests/UnmissableTests/PreferencesManagerTests.swift:93:20: error: cannot find 'AppearanceTheme' in scope
    XCTAssertEqual(AppearanceTheme.system.displayName, "Follow System")
                   ^~~~~~~~~~~~~~~
/Users/michaelhaufschild/Documents/code/unmissable/Tests/UnmissableTests/PreferencesManagerTests.swift:94:20: error: cannot find 'AppearanceTheme' in scope
    XCTAssertEqual(AppearanceTheme.light.displayName, "Light")
                   ^~~~~~~~~~~~~~~
/Users/michaelhaufschild/Documents/code/unmissable/Tests/UnmissableTests/PreferencesManagerTests.swift:95:20: error: cannot find 'AppearanceTheme' in scope
    XCTAssertEqual(AppearanceTheme.dark.displayName, "Dark")
                   ^~~~~~~~~~~~~~~
/Users/michaelhaufschild/Documents/code/unmissable/Tests/UnmissableTests/PreferencesManagerTests.swift:97:21: error: cannot find 'AppearanceTheme' in scope
    let allThemes = AppearanceTheme.allCases
                    ^~~~~~~~~~~~~~~

SwiftCompile normal arm64 Compiling\ UIComponentComprehensiveTests.swift /Users/michaelhaufschild/Documents/code/unmissable/Tests/UnmissableTests/UIComponentComprehensiveTests.swift (in target 'UnmissableTests' from project 'Unmissable')

SwiftCompile normal arm64 /Users/michaelhaufschild/Documents/code/unmissable/Tests/UnmissableTests/UIComponentComprehensiveTests.swift (in target 'UnmissableTests' from project 'Unmissable')
    cd /Users/michaelhaufschild/Documents/code/unmissable/.swiftpm/xcode
    

SwiftCompile normal arm64 Compiling\ EventSchedulerComprehensiveTests.swift /Users/michaelhaufschild/Documents/code/unmissable/Tests/UnmissableTests/EventSchedulerComprehensiveTests.swift (in target 'UnmissableTests' from project 'Unmissable')

SwiftCompile normal arm64 /Users/michaelhaufschild/Documents/code/unmissable/Tests/UnmissableTests/EventSchedulerComprehensiveTests.swift (in target 'UnmissableTests' from project 'Unmissable')
    cd /Users/michaelhaufschild/Documents/code/unmissable/.swiftpm/xcode
    

SwiftEmitModule normal arm64 Emitting\ module\ for\ UnmissableTests (in target 'UnmissableTests' from project 'Unmissable')
Failed frontend command:
/Applications/Xcode.app/Contents/Developer/Toolchains/XcodeDefault.xctoolchain/usr/bin/swift-frontend -frontend -emit-module -experimental-skip-non-inlinable-function-bodies-without-types /Users/michaelhaufschild/Documents/code/unmissable/Tests/UnmissableTests/DatabaseManagerComprehensiveTests.swift /Users/michaelhaufschild/Documents/code/unmissable/Tests/UnmissableTests/EventSchedulerComprehensiveTests.swift /Users/michaelhaufschild/Documents/code/unmissable/Tests/UnmissableTests/EventTests.swift /Users/michaelhaufschild/Documents/code/unmissable/Tests/UnmissableTests/LinkParserTests.swift /Users/michaelhaufschild/Documents/code/unmissable/Tests/UnmissableTests/OverlayContentViewTests.swift /Users/michaelhaufschild/Documents/code/unmissable/Tests/UnmissableTests/OverlayManagerComprehensiveTests.swift /Users/michaelhaufschild/Documents/code/unmissable/Tests/UnmissableTests/OverlayManagerIntegrationTests.swift /Users/michaelhaufschild/Documents/code/unmissable/Tests/UnmissableTests/OverlaySnapshotTests.swift /Users/michaelhaufschild/Documents/code/unmissable/Tests/UnmissableTests/PreferencesManagerTests.swift /Users/michaelhaufschild/Documents/code/unmissable/Tests/UnmissableTests/ProviderTests.swift /Users/michaelhaufschild/Documents/code/unmissable/Tests/UnmissableTests/QuickJoinManagerTests.swift /Users/michaelhaufschild/Documents/code/unmissable/Tests/UnmissableTests/SystemIntegrationTests.swift /Users/michaelhaufschild/Documents/code/unmissable/Tests/UnmissableTests/TestUtilities.swift /Users/michaelhaufschild/Documents/code/unmissable/Tests/UnmissableTests/UIComponentComprehensiveTests.swift -target arm64-apple-macos14.0 -Xllvm -aarch64-use-tbi -enable-objc-interop -stack-check -sdk /Applications/Xcode.app/Contents/Developer/Platforms/MacOSX.platform/Developer/SDKs/MacOSX15.5.sdk -I /Users/michaelhaufschild/Library/Developer/Xcode/DerivedData/unmissable-glylttgyqggsegaxpvsujwrnnghs/Build/Products/Debug -I /Applications/Xcode.app/Contents/Developer/Platforms/MacOSX.platform/Developer/usr/lib -F /Users/michaelhaufschild/Library/Developer/Xcode/DerivedData/unmissable-glylttgyqggsegaxpvsujwrnnghs/Build/Products/Debug/PackageFrameworks -F /Users/michaelhaufschild/Library/Developer/Xcode/DerivedData/unmissable-glylttgyqggsegaxpvsujwrnnghs/Build/Products/Debug/PackageFrameworks -F /Users/michaelhaufschild/Library/Developer/Xcode/DerivedData/unmissable-glylttgyqggsegaxpvsujwrnnghs/Build/Products/Debug/PackageFrameworks -F /Users/michaelhaufschild/Library/Developer/Xcode/DerivedData/unmissable-glylttgyqggsegaxpvsujwrnnghs/Build/Products/Debug/PackageFrameworks -F /Users/michaelhaufschild/Library/Developer/Xcode/DerivedData/unmissable-glylttgyqggsegaxpvsujwrnnghs/Build/Products/Debug/PackageFrameworks -F /Users/michaelhaufschild/Library/Developer/Xcode/DerivedData/unmissable-glylttgyqggsegaxpvsujwrnnghs/Build/Products/Debug/PackageFrameworks -F /Users/michaelhaufschild/Library/Developer/Xcode/DerivedData/unmissable-glylttgyqggsegaxpvsujwrnnghs/Build/Products/Debug/PackageFrameworks -F /Users/michaelhaufschild/Library/Developer/Xcode/DerivedData/unmissable-glylttgyqggsegaxpvsujwrnnghs/Build/Products/Debug/PackageFrameworks -F /Users/michaelhaufschild/Library/Developer/Xcode/DerivedData/unmissable-glylttgyqggsegaxpvsujwrnnghs/Build/Products/Debug -F /Applications/Xcode.app/Contents/Developer/Platforms/MacOSX.platform/Developer/Library/Frameworks -no-color-diagnostics -enable-testing -g -debug-info-format\=dwarf -dwarf-version\=4 -module-cache-path /Users/michaelhaufschild/Library/Developer/Xcode/DerivedData/ModuleCache.noindex -profile-generate -profile-coverage-mapping -swift-version 5 -enforce-exclusivity\=checked -Onone -D SWIFT_PACKAGE -D DEBUG -D Xcode -serialize-debugging-options -const-gather-protocols-file /Users/michaelhaufschild/Library/Developer/Xcode/DerivedData/unmissable-glylttgyqggsegaxpvsujwrnnghs/Build/Intermediates.noindex/Unmissable.build/Debug/UnmissableTests.build/Objects-normal/arm64/UnmissableTests_const_extract_protocols.json -enable-experimental-feature DebugDescriptionMacro -empty-abi-descriptor -plugin-path /Applications/Xcode.app/Contents/Developer/Toolchains/XcodeDefault.xctoolchain/usr/lib/swift/host/plugins/testing -validate-clang-modules-once -clang-build-session-file /Users/michaelhaufschild/Library/Developer/Xcode/DerivedData/ModuleCache.noindex/Session.modulevalidation -Xcc -working-directory -Xcc /Users/michaelhaufschild/Documents/code/unmissable/.swiftpm/xcode -resource-dir /Applications/Xcode.app/Contents/Developer/Toolchains/XcodeDefault.xctoolchain/usr/lib/swift -enable-anonymous-context-mangled-names -file-compilation-dir /Users/michaelhaufschild/Documents/code/unmissable/.swiftpm/xcode -Xcc -fmodule-map-file\=/Users/michaelhaufschild/Library/Developer/Xcode/DerivedData/unmissable-glylttgyqggsegaxpvsujwrnnghs/Build/Intermediates.noindex/GeneratedModuleMaps/AppAuthCore.modulemap -Xcc -fmodule-map-file\=/Users/michaelhaufschild/Library/Developer/Xcode/DerivedData/unmissable-glylttgyqggsegaxpvsujwrnnghs/Build/Intermediates.noindex/GeneratedModuleMaps/AppAuth.modulemap -Xcc -fmodule-map-file\=/Users/michaelhaufschild/Library/Developer/Xcode/DerivedData/unmissable-glylttgyqggsegaxpvsujwrnnghs/SourcePackages/checkouts/GRDB.swift/Sources/CSQLite/module.modulemap -Xcc -ivfsstatcache -Xcc /Users/michaelhaufschild/Library/Developer/Xcode/DerivedData/SDKStatCaches.noindex/macosx15.5-24F74-8254517eb8b97d462ccbc072ba9094c9.sdkstatcache -Xcc -I/Users/michaelhaufschild/Library/Developer/Xcode/DerivedData/unmissable-glylttgyqggsegaxpvsujwrnnghs/SourcePackages/checkouts/AppAuth-iOS/Sources/AppAuthCore -Xcc -I/Users/michaelhaufschild/Library/Developer/Xcode/DerivedData/unmissable-glylttgyqggsegaxpvsujwrnnghs/SourcePackages/checkouts/AppAuth-iOS/Sources/AppAuth -Xcc -I/Users/michaelhaufschild/Library/Developer/Xcode/DerivedData/unmissable-glylttgyqggsegaxpvsujwrnnghs/Build/Products/Debug/include -Xcc -I/Users/michaelhaufschild/Library/Developer/Xcode/DerivedData/unmissable-glylttgyqggsegaxpvsujwrnnghs/Build/Intermediates.noindex/Unmissable.build/Debug/UnmissableTests.build/DerivedSources-normal/arm64 -Xcc -I/Users/michaelhaufschild/Library/Developer/Xcode/DerivedData/unmissable-glylttgyqggsegaxpvsujwrnnghs/Build/Intermediates.noindex/Unmissable.build/Debug/UnmissableTests.build/DerivedSources/arm64 -Xcc -I/Users/michaelhaufschild/Library/Developer/Xcode/DerivedData/unmissable-glylttgyqggsegaxpvsujwrnnghs/Build/Intermediates.noindex/Unmissable.build/Debug/UnmissableTests.build/DerivedSources -Xcc -DSWIFT_PACKAGE -Xcc -DDEBUG\=1 -module-name UnmissableTests -package-name unmissable -frontend-parseable-output -disable-clang-spi -target-sdk-version 15.5 -target-sdk-name macosx15.5 -external-plugin-path /Applications/Xcode.app/Contents/Developer/Platforms/MacOSX.platform/Developer/usr/lib/swift/host/plugins\#/Applications/Xcode.app/Contents/Developer/Platforms/MacOSX.platform/Developer/usr/bin/swift-plugin-server -external-plugin-path /Applications/Xcode.app/Contents/Developer/Platforms/MacOSX.platform/Developer/usr/local/lib/swift/host/plugins\#/Applications/Xcode.app/Contents/Developer/Platforms/MacOSX.platform/Developer/usr/bin/swift-plugin-server -in-process-plugin-server-path /Applications/Xcode.app/Contents/Developer/Toolchains/XcodeDefault.xctoolchain/usr/lib/swift/host/libSwiftInProcPluginServer.dylib -plugin-path /Applications/Xcode.app/Contents/Developer/Toolchains/XcodeDefault.xctoolchain/usr/lib/swift/host/plugins -plugin-path /Applications/Xcode.app/Contents/Developer/Toolchains/XcodeDefault.xctoolchain/usr/local/lib/swift/host/plugins -emit-module-doc-path /Users/michaelhaufschild/Library/Developer/Xcode/DerivedData/unmissable-glylttgyqggsegaxpvsujwrnnghs/Build/Intermediates.noindex/Unmissable.build/Debug/UnmissableTests.build/Objects-normal/arm64/UnmissableTests.swiftdoc -emit-module-source-info-path /Users/michaelhaufschild/Library/Developer/Xcode/DerivedData/unmissable-glylttgyqggsegaxpvsujwrnnghs/Build/Intermediates.noindex/Unmissable.build/Debug/UnmissableTests.build/Objects-normal/arm64/UnmissableTests.swiftsourceinfo -serialize-diagnostics-path /Users/michaelhaufschild/Library/Developer/Xcode/DerivedData/unmissable-glylttgyqggsegaxpvsujwrnnghs/Build/Intermediates.noindex/Unmissable.build/Debug/UnmissableTests.build/Objects-normal/arm64/UnmissableTests-master-emit-module.dia -emit-dependencies-path /Users/michaelhaufschild/Library/Developer/Xcode/DerivedData/unmissable-glylttgyqggsegaxpvsujwrnnghs/Build/Intermediates.noindex/Unmissable.build/Debug/UnmissableTests.build/Objects-normal/arm64/UnmissableTests-master-emit-module.d -o /Users/michaelhaufschild/Library/Developer/Xcode/DerivedData/unmissable-glylttgyqggsegaxpvsujwrnnghs/Build/Intermediates.noindex/Unmissable.build/Debug/UnmissableTests.build/Objects-normal/arm64/UnmissableTests.swiftmodule -emit-abi-descriptor-path /Users/michaelhaufschild/Library/Developer/Xcode/DerivedData/unmissable-glylttgyqggsegaxpvsujwrnnghs/Build/Intermediates.noindex/Unmissable.build/Debug/UnmissableTests.build/Objects-normal/arm64/UnmissableTests.abi.json

EmitSwiftModule normal arm64 (in target 'UnmissableTests' from project 'Unmissable')
    cd /Users/michaelhaufschild/Documents/code/unmissable/.swiftpm/xcode
    
/Users/michaelhaufschild/Documents/code/unmissable/Tests/UnmissableTests/OverlayManagerComprehensiveTests.swift:11:24: error: 'MockFocusModeManager' is ambiguous for type lookup in this context
    var mockFocusMode: MockFocusModeManager!
                       ^~~~~~~~~~~~~~~~~~~~
/Users/michaelhaufschild/Documents/code/unmissable/Tests/UnmissableTests/OverlayManagerComprehensiveTests.swift:337:7: note: found this candidate
class MockFocusModeManager: FocusModeManager {
      ^
/Users/michaelhaufschild/Documents/code/unmissable/Tests/UnmissableTests/SystemIntegrationTests.swift:375:7: note: found this candidate
class MockFocusModeManager: FocusModeManager {
      ^
/Users/michaelhaufschild/Documents/code/unmissable/Tests/UnmissableTests/OverlayManagerComprehensiveTests.swift:337:7: error: invalid redeclaration of 'MockFocusModeManager'
class MockFocusModeManager: FocusModeManager {
      ^
/Users/michaelhaufschild/Documents/code/unmissable/Tests/UnmissableTests/SystemIntegrationTests.swift:375:7: note: 'MockFocusModeManager' previously declared here
class MockFocusModeManager: FocusModeManager {
      ^
/Users/michaelhaufschild/Documents/code/unmissable/Tests/UnmissableTests/SystemIntegrationTests.swift:375:7: note: 'MockFocusModeManager' previously declared here
class MockFocusModeManager: FocusModeManager {
      ^
/Users/michaelhaufschild/Documents/code/unmissable/Tests/UnmissableTests/SystemIntegrationTests.swift:9:24: error: 'MockFocusModeManager' is ambiguous for type lookup in this context
    var mockFocusMode: MockFocusModeManager!
                       ^~~~~~~~~~~~~~~~~~~~
/Users/michaelhaufschild/Documents/code/unmissable/Tests/UnmissableTests/OverlayManagerComprehensiveTests.swift:337:7: note: found this candidate
class MockFocusModeManager: FocusModeManager {
      ^
/Users/michaelhaufschild/Documents/code/unmissable/Tests/UnmissableTests/SystemIntegrationTests.swift:375:7: note: found this candidate
class MockFocusModeManager: FocusModeManager {
      ^

Resolve Package Graph

Test session results, code coverage, and logs:
	/Users/michaelhaufschild/Documents/code/unmissable/test-reports/performance-tests.xcresult

